2025-09-24 20:07:00 | INFO | repo=system-int | action=commit
2025-05-16 16:44:00 | DEBUG | repo=system-int | action=commit
2025-09-01 08:32:00 | DEBUG | repo=system-int | action=pull
2025-10-01 13:52:00 | INFO | repo=system-int | action=test | passed=true
2025-04-17 07:05:00 | WARN | repo=system-int | action=edit | files=2
2025-09-10 12:16:00 | INFO | repo=system-int | action=test | passed=true
2025-03-12 19:38:00 | INFO | repo=system-int | action=test | passed=true
2025-04-06 17:40:00 | WARN | repo=system-int | action=edit | files=4
2025-11-24 11:20:00 | INFO | repo=system-int | action=commit
2025-08-16 12:28:00 | INFO | repo=system-int | action=test | passed=true
2025-08-04 14:29:00 | WARN | repo=system-int | action=commit
2025-10-24 20:00:00 | INFO | repo=system-int | action=commit
2025-10-08 07:52:00 | DEBUG | repo=system-int | action=test | passed=true
2025-10-04 12:01:00 | DEBUG | repo=system-int | action=commit
2025-06-21 14:34:00 | INFO | repo=system-int | action=commit
2025-05-17 10:31:00 | INFO | repo=system-int | action=commit
2025-03-18 16:53:00 | WARN | repo=system-int | action=commit
2025-08-12 16:14:00 | INFO | repo=system-int | action=commit
2025-10-16 11:41:00 | WARN | repo=system-int | action=commit
2025-06-08 21:21:00 | DEBUG | repo=system-int | action=commit
